<?xml version="1.0" encoding="UTF-8"?>
<!-- Generated by org.testng.reporters.JUnitReportReporter -->
<testsuite hostname="DESKTOP-S2QR9LR" failures="0" tests="1" name="testcases.LoginTest" time="16.357" errors="0" timestamp="2023-03-18T15:25:31 CET" skipped="0">
  <testcase classname="testcases.LoginTest" name="excelTestData" time="16.357"/>
  <system-out/>
</testsuite> <!-- testcases.LoginTest -->
